<?xml version="1.0" encoding="UTF-8"?>
<testng-results ignored="0" total="1" passed="1" failed="0" skipped="0">
  <reporter-output>
  </reporter-output>
  <suite started-at="2024-04-05T12:41:11 IST" name="Default suite" finished-at="2024-04-05T12:41:20 IST" duration-ms="8935">
    <groups>
      <group name="cucumber">
        <method signature="AbstractTestNGCucumberTests.runScenario(io.cucumber.testng.PickleWrapper, io.cucumber.testng.FeatureWrapper)[pri:0, instance:RunnerClass02.Run03@3232a28a]" name="runScenario" class="io.cucumber.testng.AbstractTestNGCucumberTests"/>
      </group> <!-- cucumber -->
    </groups>
    <test started-at="2024-04-05T12:41:11 IST" name="Default test" finished-at="2024-04-05T12:41:20 IST" duration-ms="8935">
      <class name="RunnerClass02.Run03">
        <test-method is-config="true" signature="setUpClass()[pri:0, instance:RunnerClass02.Run03@3232a28a]" started-at="2024-04-05T12:41:11 IST" name="setUpClass" finished-at="2024-04-05T12:41:12 IST" duration-ms="595" status="PASS">
          <reporter-output>
          </reporter-output>
        </test-method> <!-- setUpClass -->
        <test-method signature="runScenario(io.cucumber.testng.PickleWrapper, io.cucumber.testng.FeatureWrapper)[pri:0, instance:RunnerClass02.Run03@3232a28a]" started-at="2024-04-05T12:41:12 IST" name="runScenario" description="Runs Cucumber Scenarios" data-provider="scenarios" finished-at="2024-04-05T12:41:20 IST" duration-ms="8232" status="PASS">
          <params>
            <param index="0">
              <value>
                <![CDATA["To validate checkboxes functionalities"]]>
              </value>
            </param>
            <param index="1">
              <value>
                <![CDATA["Optional[Checkform feature]"]]>
              </value>
            </param>
          </params>
          <reporter-output>
          </reporter-output>
        </test-method> <!-- runScenario -->
        <test-method is-config="true" signature="tearDownClass()[pri:0, instance:RunnerClass02.Run03@3232a28a]" started-at="2024-04-05T12:41:20 IST" name="tearDownClass" finished-at="2024-04-05T12:41:20 IST" duration-ms="20" status="PASS">
          <reporter-output>
          </reporter-output>
        </test-method> <!-- tearDownClass -->
      </class> <!-- RunnerClass02.Run03 -->
    </test> <!-- Default test -->
  </suite> <!-- Default suite -->
</testng-results>
